<?xml version="1.0" encoding="UTF-8"?>
<!-- Generated by org.testng.reporters.JUnitReportReporter -->
<testsuite skipped="0" hostname="LAPTOP-G8T2QIRH" name="earth.home.test.Login" tests="1" failures="0" timestamp="13 Oct 2018 04:31:22 GMT" time="0.014" errors="0">
  <testcase name="test" time="0.014" classname="earth.home.test.Login"/>
</testsuite> <!-- earth.home.test.Login -->
